# JRE version: OpenJDK Runtime Environment GraalVM CE 22.3.0 (17.0.5+8) (build 17.0.5+8-jvmci-22.3-b08)
# Java VM: OpenJDK 64-Bit Server VM GraalVM CE 22.3.0 (17.0.5+8-jvmci-22.3-b08, mixed mode, sharing, tiered, jvmci, jvmci compiler, compressed oops, compressed class ptrs, parallel gc, linux-amd64)
GC Precious Log:
 CPUs: 8 total, 1 available
 Memory: 1024M
 Large Page Support: Disabled
 NUMA Support: Disabled
 Compressed Oops: Enabled (32-bit)
 Alignments: Space 512K, Generation 512K, Heap 2M
 Heap Min Capacity: 100M
 Heap Initial Capacity: 100M
 Heap Max Capacity: 512M
 Pre-touch: Disabled
 Parallel Workers: 1
Heap:
 PSYoungGen      total 37376K, used 19967K [0x00000000f5580000, 0x00000000f8c80000, 0x0000000100000000)
  eden space 19968K, 99% used [0x00000000f5580000,0x00000000f68ffff0,0x00000000f6900000)
  from space 17408K, 0% used [0x00000000f7a00000,0x00000000f7a00000,0x00000000f8b00000)
  to   space 17408K, 0% used [0x00000000f6900000,0x00000000f6900000,0x00000000f7a00000)
 ParOldGen       total 349696K, used 349695K [0x00000000e0000000, 0x00000000f5580000, 0x00000000f5580000)
  object space 349696K, 99% used [0x00000000e0000000,0x00000000f557fff0,0x00000000f5580000)
 Metaspace       used 56825K, committed 58048K, reserved 1105920K
  class space    used 5455K, committed 5952K, reserved 1048576K
GC Heap History (20 events):
Event: 550.366 GC heap before
{Heap before GC invocations=231 (full 117):
 PSYoungGen      total 37376K, used 19968K [0x00000000f5580000, 0x00000000f8c80000, 0x0000000100000000)
  eden space 19968K, 100% used [0x00000000f5580000,0x00000000f6900000,0x00000000f6900000)
  from space 17408K, 0% used [0x00000000f7a00000,0x00000000f7a00000,0x00000000f8b00000)
  to   space 17408K, 0% used [0x00000000f6900000,0x00000000f6900000,0x00000000f7a00000)
 ParOldGen       total 349696K, used 349691K [0x00000000e0000000, 0x00000000f5580000, 0x00000000f5580000)
  object space 349696K, 99% used [0x00000000e0000000,0x00000000f557ec90,0x00000000f5580000)
 Metaspace       used 56825K, committed 58048K, reserved 1105920K
  class space    used 5455K, committed 5952K, reserved 1048576K
}
Event: 551.556 GC heap after
{Heap after GC invocations=231 (full 117):
 PSYoungGen      total 37376K, used 19967K [0x00000000f5580000, 0x00000000f8c80000, 0x0000000100000000)
  eden space 19968K, 99% used [0x00000000f5580000,0x00000000f68fff50,0x00000000f6900000)
  from space 17408K, 0% used [0x00000000f6900000,0x00000000f6900000,0x00000000f7a00000)
  to   space 17408K, 0% used [0x00000000f7a00000,0x00000000f7a00000,0x00000000f8b00000)
 ParOldGen       total 349696K, used 349691K [0x00000000e0000000, 0x00000000f5580000, 0x00000000f5580000)
  object space 349696K, 99% used [0x00000000e0000000,0x00000000f557ec90,0x00000000f5580000)
 Metaspace       used 56825K, committed 58048K, reserved 1105920K
  class space    used 5455K, committed 5952K, reserved 1048576K
}
Event: 551.557 GC heap before
{Heap before GC invocations=232 (full 118):
 PSYoungGen      total 37376K, used 19967K [0x00000000f5580000, 0x00000000f8c80000, 0x0000000100000000)
  eden space 19968K, 99% used [0x00000000f5580000,0x00000000f68ffff8,0x00000000f6900000)
  from space 17408K, 0% used [0x00000000f6900000,0x00000000f6900000,0x00000000f7a00000)
  to   space 17408K, 0% used [0x00000000f7a00000,0x00000000f7a00000,0x00000000f8b00000)
 ParOldGen       total 349696K, used 349691K [0x00000000e0000000, 0x00000000f5580000, 0x00000000f5580000)
  object space 349696K, 99% used [0x00000000e0000000,0x00000000f557ec90,0x00000000f5580000)
 Metaspace       used 56825K, committed 58048K, reserved 1105920K
  class space    used 5455K, committed 5952K, reserved 1048576K
}
Event: 552.758 GC heap after
{Heap after GC invocations=232 (full 118):
 PSYoungGen      total 37376K, used 19967K [0x00000000f5580000, 0x00000000f8c80000, 0x0000000100000000)
  eden space 19968K, 99% used [0x00000000f5580000,0x00000000f68fffa8,0x00000000f6900000)
  from space 17408K, 0% used [0x00000000f7a00000,0x00000000f7a00000,0x00000000f8b00000)
  to   space 17408K, 0% used [0x00000000f6900000,0x00000000f6900000,0x00000000f7a00000)
 ParOldGen       total 349696K, used 349691K [0x00000000e0000000, 0x00000000f5580000, 0x00000000f5580000)
  object space 349696K, 99% used [0x00000000e0000000,0x00000000f557ec90,0x00000000f5580000)
 Metaspace       used 56825K, committed 58048K, reserved 1105920K
  class space    used 5455K, committed 5952K, reserved 1048576K
}
Event: 552.758 GC heap before
{Heap before GC invocations=233 (full 119):
 PSYoungGen      total 37376K, used 19968K [0x00000000f5580000, 0x00000000f8c80000, 0x0000000100000000)
  eden space 19968K, 100% used [0x00000000f5580000,0x00000000f6900000,0x00000000f6900000)
  from space 17408K, 0% used [0x00000000f7a00000,0x00000000f7a00000,0x00000000f8b00000)
  to   space 17408K, 0% used [0x00000000f6900000,0x00000000f6900000,0x00000000f7a00000)
 ParOldGen       total 349696K, used 349691K [0x00000000e0000000, 0x00000000f5580000, 0x00000000f5580000)
  object space 349696K, 99% used [0x00000000e0000000,0x00000000f557ec90,0x00000000f5580000)
 Metaspace       used 56825K, committed 58048K, reserved 1105920K
  class space    used 5455K, committed 5952K, reserved 1048576K
}
Event: 553.953 GC heap after
{Heap after GC invocations=233 (full 119):
 PSYoungGen      total 37376K, used 19968K [0x00000000f5580000, 0x00000000f8c80000, 0x0000000100000000)
  eden space 19968K, 100% used [0x00000000f5580000,0x00000000f6900000,0x00000000f6900000)
  from space 17408K, 0% used [0x00000000f6900000,0x00000000f6900000,0x00000000f7a00000)
  to   space 17408K, 0% used [0x00000000f7a00000,0x00000000f7a00000,0x00000000f8b00000)
 ParOldGen       total 349696K, used 349691K [0x00000000e0000000, 0x00000000f5580000, 0x00000000f5580000)
  object space 349696K, 99% used [0x00000000e0000000,0x00000000f557ec90,0x00000000f5580000)
 Metaspace       used 56825K, committed 58048K, reserved 1105920K
  class space    used 5455K, committed 5952K, reserved 1048576K
}
Event: 553.953 GC heap before
{Heap before GC invocations=234 (full 120):
 PSYoungGen      total 37376K, used 19968K [0x00000000f5580000, 0x00000000f8c80000, 0x0000000100000000)
  eden space 19968K, 100% used [0x00000000f5580000,0x00000000f6900000,0x00000000f6900000)
  from space 17408K, 0% used [0x00000000f6900000,0x00000000f6900000,0x00000000f7a00000)
  to   space 17408K, 0% used [0x00000000f7a00000,0x00000000f7a00000,0x00000000f8b00000)
 ParOldGen       total 349696K, used 349692K [0x00000000e0000000, 0x00000000f5580000, 0x00000000f5580000)
  object space 349696K, 99% used [0x00000000e0000000,0x00000000f557f238,0x00000000f5580000)
 Metaspace       used 56825K, committed 58048K, reserved 1105920K
  class space    used 5455K, committed 5952K, reserved 1048576K
}
Event: 555.163 GC heap after
{Heap after GC invocations=234 (full 120):
 PSYoungGen      total 37376K, used 19967K [0x00000000f5580000, 0x00000000f8c80000, 0x0000000100000000)
  eden space 19968K, 99% used [0x00000000f5580000,0x00000000f68fff78,0x00000000f6900000)
  from space 17408K, 0% used [0x00000000f7a00000,0x00000000f7a00000,0x00000000f8b00000)
  to   space 17408K, 0% used [0x00000000f6900000,0x00000000f6900000,0x00000000f7a00000)
 ParOldGen       total 349696K, used 349691K [0x00000000e0000000, 0x00000000f5580000, 0x00000000f5580000)
  object space 349696K, 99% used [0x00000000e0000000,0x00000000f557efd0,0x00000000f5580000)
 Metaspace       used 56825K, committed 58048K, reserved 1105920K
  class space    used 5455K, committed 5952K, reserved 1048576K
}
Event: 555.163 GC heap before
{Heap before GC invocations=235 (full 121):
 PSYoungGen      total 37376K, used 19967K [0x00000000f5580000, 0x00000000f8c80000, 0x0000000100000000)
  eden space 19968K, 99% used [0x00000000f5580000,0x00000000f68ffff0,0x00000000f6900000)
  from space 17408K, 0% used [0x00000000f7a00000,0x00000000f7a00000,0x00000000f8b00000)
  to   space 17408K, 0% used [0x00000000f6900000,0x00000000f6900000,0x00000000f7a00000)
 ParOldGen       total 349696K, used 349691K [0x00000000e0000000, 0x00000000f5580000, 0x00000000f5580000)
  object space 349696K, 99% used [0x00000000e0000000,0x00000000f557efd0,0x00000000f5580000)
 Metaspace       used 56825K, committed 58048K, reserved 1105920K
  class space    used 5455K, committed 5952K, reserved 1048576K
}
Event: 556.369 GC heap after
{Heap after GC invocations=235 (full 121):
 PSYoungGen      total 37376K, used 19967K [0x00000000f5580000, 0x00000000f8c80000, 0x0000000100000000)
  eden space 19968K, 99% used [0x00000000f5580000,0x00000000f68fffd8,0x00000000f6900000)
  from space 17408K, 0% used [0x00000000f6900000,0x00000000f6900000,0x00000000f7a00000)
  to   space 17408K, 0% used [0x00000000f7a00000,0x00000000f7a00000,0x00000000f8b00000)
 ParOldGen       total 349696K, used 349691K [0x00000000e0000000, 0x00000000f5580000, 0x00000000f5580000)
  object space 349696K, 99% used [0x00000000e0000000,0x00000000f557efd0,0x00000000f5580000)
 Metaspace       used 56825K, committed 58048K, reserved 1105920K
  class space    used 5455K, committed 5952K, reserved 1048576K
}
Event: 556.375 GC heap before
{Heap before GC invocations=236 (full 122):
 PSYoungGen      total 37376K, used 19967K [0x00000000f5580000, 0x00000000f8c80000, 0x0000000100000000)
  eden space 19968K, 99% used [0x00000000f5580000,0x00000000f68ffff0,0x00000000f6900000)
  from space 17408K, 0% used [0x00000000f6900000,0x00000000f6900000,0x00000000f7a00000)
  to   space 17408K, 0% used [0x00000000f7a00000,0x00000000f7a00000,0x00000000f8b00000)
 ParOldGen       total 349696K, used 349691K [0x00000000e0000000, 0x00000000f5580000, 0x00000000f5580000)
  object space 349696K, 99% used [0x00000000e0000000,0x00000000f557efd0,0x00000000f5580000)
 Metaspace       used 56825K, committed 58048K, reserved 1105920K
  class space    used 5455K, committed 5952K, reserved 1048576K
}
Event: 557.480 GC heap after
{Heap after GC invocations=236 (full 122):
 PSYoungGen      total 37376K, used 19967K [0x00000000f5580000, 0x00000000f8c80000, 0x0000000100000000)
  eden space 19968K, 99% used [0x00000000f5580000,0x00000000f68ffff0,0x00000000f6900000)
  from space 17408K, 0% used [0x00000000f7a00000,0x00000000f7a00000,0x00000000f8b00000)
  to   space 17408K, 0% used [0x00000000f6900000,0x00000000f6900000,0x00000000f7a00000)
 ParOldGen       total 349696K, used 349691K [0x00000000e0000000, 0x00000000f5580000, 0x00000000f5580000)
  object space 349696K, 99% used [0x00000000e0000000,0x00000000f557efd0,0x00000000f5580000)
 Metaspace       used 56825K, committed 58048K, reserved 1105920K
  class space    used 5455K, committed 5952K, reserved 1048576K
}
Event: 557.480 GC heap before
{Heap before GC invocations=237 (full 123):
 PSYoungGen      total 37376K, used 19968K [0x00000000f5580000, 0x00000000f8c80000, 0x0000000100000000)
  eden space 19968K, 100% used [0x00000000f5580000,0x00000000f6900000,0x00000000f6900000)
  from space 17408K, 0% used [0x00000000f7a00000,0x00000000f7a00000,0x00000000f8b00000)
  to   space 17408K, 0% used [0x00000000f6900000,0x00000000f6900000,0x00000000f7a00000)
 ParOldGen       total 349696K, used 349693K [0x00000000e0000000, 0x00000000f5580000, 0x00000000f5580000)
  object space 349696K, 99% used [0x00000000e0000000,0x00000000f557f650,0x00000000f5580000)
 Metaspace       used 56825K, committed 58048K, reserved 1105920K
  class space    used 5455K, committed 5952K, reserved 1048576K
}
Event: 558.771 GC heap after
{Heap after GC invocations=237 (full 123):
 PSYoungGen      total 37376K, used 19967K [0x00000000f5580000, 0x00000000f8c80000, 0x0000000100000000)
  eden space 19968K, 99% used [0x00000000f5580000,0x00000000f68ffe08,0x00000000f6900000)
  from space 17408K, 0% used [0x00000000f6900000,0x00000000f6900000,0x00000000f7a00000)
  to   space 17408K, 0% used [0x00000000f7a00000,0x00000000f7a00000,0x00000000f8b00000)
 ParOldGen       total 349696K, used 349692K [0x00000000e0000000, 0x00000000f5580000, 0x00000000f5580000)
  object space 349696K, 99% used [0x00000000e0000000,0x00000000f557f008,0x00000000f5580000)
 Metaspace       used 56825K, committed 58048K, reserved 1105920K
  class space    used 5455K, committed 5952K, reserved 1048576K
}
Event: 558.772 GC heap before
{Heap before GC invocations=238 (full 124):
 PSYoungGen      total 37376K, used 19967K [0x00000000f5580000, 0x00000000f8c80000, 0x0000000100000000)
  eden space 19968K, 99% used [0x00000000f5580000,0x00000000f68ffff8,0x00000000f6900000)
  from space 17408K, 0% used [0x00000000f6900000,0x00000000f6900000,0x00000000f7a00000)
  to   space 17408K, 0% used [0x00000000f7a00000,0x00000000f7a00000,0x00000000f8b00000)
 ParOldGen       total 349696K, used 349695K [0x00000000e0000000, 0x00000000f5580000, 0x00000000f5580000)
  object space 349696K, 99% used [0x00000000e0000000,0x00000000f557fe58,0x00000000f5580000)
 Metaspace       used 56825K, committed 58048K, reserved 1105920K
  class space    used 5455K, committed 5952K, reserved 1048576K
}
Event: 559.959 GC heap after
{Heap after GC invocations=238 (full 124):
 PSYoungGen      total 37376K, used 19967K [0x00000000f5580000, 0x00000000f8c80000, 0x0000000100000000)
  eden space 19968K, 99% used [0x00000000f5580000,0x00000000f68fff08,0x00000000f6900000)
  from space 17408K, 0% used [0x00000000f7a00000,0x00000000f7a00000,0x00000000f8b00000)
  to   space 17408K, 0% used [0x00000000f6900000,0x00000000f6900000,0x00000000f7a00000)
 ParOldGen       total 349696K, used 349695K [0x00000000e0000000, 0x00000000f5580000, 0x00000000f5580000)
  object space 349696K, 99% used [0x00000000e0000000,0x00000000f557fd50,0x00000000f5580000)
 Metaspace       used 56825K, committed 58048K, reserved 1105920K
  class space    used 5455K, committed 5952K, reserved 1048576K
}
Event: 559.959 GC heap before
{Heap before GC invocations=239 (full 125):
 PSYoungGen      total 37376K, used 19967K [0x00000000f5580000, 0x00000000f8c80000, 0x0000000100000000)
  eden space 19968K, 99% used [0x00000000f5580000,0x00000000f68ffff8,0x00000000f6900000)
  from space 17408K, 0% used [0x00000000f7a00000,0x00000000f7a00000,0x00000000f8b00000)
  to   space 17408K, 0% used [0x00000000f6900000,0x00000000f6900000,0x00000000f7a00000)
 ParOldGen       total 349696K, used 349695K [0x00000000e0000000, 0x00000000f5580000, 0x00000000f5580000)
  object space 349696K, 99% used [0x00000000e0000000,0x00000000f557fd50,0x00000000f5580000)
 Metaspace       used 56825K, committed 58048K, reserved 1105920K
  class space    used 5455K, committed 5952K, reserved 1048576K
}
Event: 561.182 GC heap after
{Heap after GC invocations=239 (full 125):
 PSYoungGen      total 37376K, used 19967K [0x00000000f5580000, 0x00000000f8c80000, 0x0000000100000000)
  eden space 19968K, 99% used [0x00000000f5580000,0x00000000f68fffb8,0x00000000f6900000)
  from space 17408K, 0% used [0x00000000f6900000,0x00000000f6900000,0x00000000f7a00000)
  to   space 17408K, 0% used [0x00000000f7a00000,0x00000000f7a00000,0x00000000f8b00000)
 ParOldGen       total 349696K, used 349695K [0x00000000e0000000, 0x00000000f5580000, 0x00000000f5580000)
  object space 349696K, 99% used [0x00000000e0000000,0x00000000f557fd30,0x00000000f5580000)
 Metaspace       used 56825K, committed 58048K, reserved 1105920K
  class space    used 5455K, committed 5952K, reserved 1048576K
}
Event: 561.182 GC heap before
{Heap before GC invocations=240 (full 126):
 PSYoungGen      total 37376K, used 19967K [0x00000000f5580000, 0x00000000f8c80000, 0x0000000100000000)
  eden space 19968K, 99% used [0x00000000f5580000,0x00000000f68fffb8,0x00000000f6900000)
  from space 17408K, 0% used [0x00000000f6900000,0x00000000f6900000,0x00000000f7a00000)
  to   space 17408K, 0% used [0x00000000f7a00000,0x00000000f7a00000,0x00000000f8b00000)
 ParOldGen       total 349696K, used 349695K [0x00000000e0000000, 0x00000000f5580000, 0x00000000f5580000)
  object space 349696K, 99% used [0x00000000e0000000,0x00000000f557fd30,0x00000000f5580000)
 Metaspace       used 56825K, committed 58048K, reserved 1105920K
  class space    used 5455K, committed 5952K, reserved 1048576K
}
Event: 562.374 GC heap after
{Heap after GC invocations=240 (full 126):
 PSYoungGen      total 37376K, used 19967K [0x00000000f5580000, 0x00000000f8c80000, 0x0000000100000000)
  eden space 19968K, 99% used [0x00000000f5580000,0x00000000f68fffb8,0x00000000f6900000)
  from space 17408K, 0% used [0x00000000f7a00000,0x00000000f7a00000,0x00000000f8b00000)
  to   space 17408K, 0% used [0x00000000f6900000,0x00000000f6900000,0x00000000f7a00000)
 ParOldGen       total 349696K, used 349695K [0x00000000e0000000, 0x00000000f5580000, 0x00000000f5580000)
  object space 349696K, 99% used [0x00000000e0000000,0x00000000f557fd30,0x00000000f5580000)
 Metaspace       used 56825K, committed 58048K, reserved 1105920K
  class space    used 5455K, committed 5952K, reserved 1048576K
}

